<?xml version="1.0" encoding="UTF-8"?>
<testsuite xmlns:xsi="http://www.w3.org/2001/XMLSchema-instance" xsi:noNamespaceSchemaLocation="https://maven.apache.org/surefire/maven-surefire-plugin/xsd/surefire-test-report-3.0.xsd" version="3.0" name="com.example.JTraceExampleTest" time="0.09" tests="2" errors="0" skipped="0" failures="0">
  <properties>
[...]
</properties>
  <testcase name="testProjectStructure" classname="com.example.JTraceExampleTest" time="0.047"/>
  <testcase name="testIntentionalViolations" classname="com.example.JTraceExampleTest" time="0.007"/>
</testsuite>